[2025-09-29 07:46:05] INFO  [DataLogger] 기존 데이터 103675개 로드 완료.
[2025-09-29 07:46:05] INFO  [DataLogger] 3600초마다 자동 저장 기능 활성화.
[2025-09-29 07:46:05] INFO  [MAIN] 데이터 로거 활성화 및 종료 시 자동 저장 등록
[2025-09-29 07:46:05] INFO  [Notifier] 텔레그램 알림 기능 활성화.
[2025-09-29 07:46:06] INFO  [EventLogger] 600초마다 자동 저장 기능 활성화.
[2025-09-29 07:46:06] INFO  [MAIN] 설정 로드 완료
[2025-09-29 07:46:06] INFO  [MAIN] === KIS 스캘핑 시스템 Phase 1~6 통합 ===
[2025-09-29 07:46:06] INFO  [MAIN] • Phase 1: 실시간 신호 생성
[2025-09-29 07:46:06] INFO  [MAIN] • Phase 2: 종목 선별
[2025-09-29 07:46:06] INFO  [MAIN] • Phase 3: 포지션 관리
[2025-09-29 07:46:06] INFO  [MAIN] • Phase 4: 시간대별 전략
[2025-09-29 07:46:06] INFO  [MAIN] • Phase 5: 백테스팅 & 성과 분석
[2025-09-29 07:46:06] INFO  [MAIN] • Phase 6: 실시간 통합 운영
[2025-09-29 07:46:06] INFO  [API] 파일에서 access_token을 불러왔습니다.
[2025-09-29 07:46:06] WARNING [API] 토큰 발급일(2025-09-27)이 오늘(2025-09-29) 이전이므로 재발급합니다.
[2025-09-29 07:46:06] INFO  [API] 새 access_token을 파일에 저장했습니다.
[2025-09-29 07:46:06] INFO  [API] 인증 성공, access_token 갱신 및 저장
[2025-09-29 07:46:06] INFO  [API] 파일에서 access_token을 불러왔습니다.
[2025-09-29 07:46:06] INFO  [API] 기존 토큰이 유효합니다. (오늘 발급됨)
[2025-09-29 07:46:06] INFO  [API] 파일에서 access_token을 불러왔습니다.
[2025-09-29 07:46:06] INFO  [API] 기존 토큰이 유효합니다. (오늘 발급됨)
[2025-09-29 07:46:06] INFO  [API] 파일에서 access_token을 불러왔습니다.
[2025-09-29 07:46:06] INFO  [API] 기존 토큰이 유효합니다. (오늘 발급됨)
[2025-09-29 07:46:06] INFO  [API] 파일에서 access_token을 불러왔습니다.
[2025-09-29 07:46:06] INFO  [API] 기존 토큰이 유효합니다. (오늘 발급됨)
[2025-09-29 07:46:06] WARNING [API] 웹소켓 접속키 발급일(2025-09-26)이 오늘(2025-09-29) 이전이므로 재발급합니다.
[2025-09-29 07:46:06] INFO  [API] 기존 웹소켓 접속키가 유효하지 않아 재발급을 시도합니다.
[2025-09-29 07:46:06] INFO  [API] 새 approval_key를 파일에 저장했습니다.
[2025-09-29 07:46:06] INFO  [API] 웹소켓 접속 키(approval_key) 발급 성공 및 저장
[2025-09-29 07:56:06] INFO  [EventLogger] 600초마다 자동 저장 기능 활성화.
[2025-09-29 08:06:06] INFO  [EventLogger] 600초마다 자동 저장 기능 활성화.
[2025-09-29 08:16:06] INFO  [EventLogger] 600초마다 자동 저장 기능 활성화.
[2025-09-29 08:26:06] INFO  [EventLogger] 600초마다 자동 저장 기능 활성화.
[2025-09-29 08:36:06] INFO  [EventLogger] 600초마다 자동 저장 기능 활성화.
[2025-09-29 08:46:06] INFO  [DataLogger] 데이터 103675개 성공적으로 저장: data/historical_ohlcv_1min.json
[2025-09-29 08:46:06] INFO  [DataLogger] 3600초마다 자동 저장 기능 활성화.
[2025-09-29 08:46:06] INFO  [EventLogger] 600초마다 자동 저장 기능 활성화.
[2025-09-29 08:56:06] INFO  [EventLogger] 600초마다 자동 저장 기능 활성화.
[2025-09-29 08:58:06] INFO  [WS] 연결 시도: url=ws://ops.koreainvestment.com:21000/ws
[2025-09-29 08:58:06] INFO  [WS] approval_key=9d6e342d-9e61-4d...
[2025-09-29 08:58:06] INFO  [WS] tr_id=H0STCNT0
[2025-09-29 08:58:06] INFO  [WS] WebSocket 연결 대기... (최대 15초)
[2025-09-29 08:58:06] INFO  ✅ WebSocket 연결 성공
[2025-09-29 08:58:06] INFO  📡 [WS] 구독: A006220 (현재 1/20)
[2025-09-29 08:58:06] INFO  📡 [WS] 구독: A005930 (현재 2/20)
[2025-09-29 08:58:06] INFO  📡 [WS] 구독: A064260 (현재 3/20)
[2025-09-29 08:58:06] INFO  📡 [WS] 구독: A060250 (현재 4/20)
[2025-09-29 09:01:00] DEBUG [DataLogger] 1분봉 완성: A005930 @ 09:00 | C:83500.0 V:516827.0
[2025-09-29 09:01:00] DEBUG [DataLogger] 1분봉 완성: A006220 @ 09:00 | C:15540.0 V:26330.0
[2025-09-29 09:01:00] DEBUG [DataLogger] 1분봉 완성: A064260 @ 09:00 | C:10830.0 V:98364.0
[2025-09-29 09:01:00] DEBUG [DataLogger] 1분봉 완성: A060250 @ 09:00 | C:20400.0 V:33512.0
[2025-09-29 09:02:00] DEBUG [DataLogger] 1분봉 완성: A064260 @ 09:01 | C:10870.0 V:41199.0
[2025-09-29 09:02:00] DEBUG [DataLogger] 1분봉 완성: A060250 @ 09:01 | C:20700.0 V:20329.0
[2025-09-29 09:02:00] DEBUG [DataLogger] 1분봉 완성: A006220 @ 09:01 | C:15710.0 V:10538.0
[2025-09-29 09:02:00] DEBUG [DataLogger] 1분봉 완성: A005930 @ 09:01 | C:83450.0 V:42989.0
[2025-09-29 09:02:37] INFO  [API] 파일에서 access_token을 불러왔습니다.
[2025-09-29 09:02:37] INFO  [API] 기존 토큰이 유효합니다. (오늘 발급됨)
[2025-09-29 09:03:00] DEBUG [DataLogger] 1분봉 완성: A006220 @ 09:02 | C:15750.0 V:13805.0
[2025-09-29 09:03:00] DEBUG [DataLogger] 1분봉 완성: A064260 @ 09:02 | C:10940.0 V:68309.0
[2025-09-29 09:03:00] DEBUG [DataLogger] 1분봉 완성: A060250 @ 09:02 | C:20150.0 V:12553.0
[2025-09-29 09:03:00] DEBUG [DataLogger] 1분봉 완성: A005930 @ 09:02 | C:83900.0 V:40537.0
[2025-09-29 09:04:00] DEBUG [DataLogger] 1분봉 완성: A064260 @ 09:03 | C:10930.0 V:50860.0
[2025-09-29 09:04:00] DEBUG [DataLogger] 1분봉 완성: A005930 @ 09:03 | C:83900.0 V:20824.0
[2025-09-29 09:04:01] DEBUG [DataLogger] 1분봉 완성: A006220 @ 09:03 | C:15710.0 V:4965.0
[2025-09-29 09:04:01] DEBUG [DataLogger] 1분봉 완성: A060250 @ 09:03 | C:20250.0 V:12038.0
[2025-09-29 09:05:00] DEBUG [DataLogger] 1분봉 완성: A006220 @ 09:04 | C:15680.0 V:2540.0
[2025-09-29 09:05:00] DEBUG [DataLogger] 1분봉 완성: A064260 @ 09:04 | C:10860.0 V:39841.0
[2025-09-29 09:05:00] DEBUG [DataLogger] 1분봉 완성: A005930 @ 09:04 | C:84000.0 V:42004.0
[2025-09-29 09:05:03] DEBUG [DataLogger] 1분봉 완성: A060250 @ 09:04 | C:20250.0 V:8087.0
[2025-09-29 09:06:00] DEBUG [DataLogger] 1분봉 완성: A005930 @ 09:05 | C:84200.0 V:29821.0
[2025-09-29 09:06:00] DEBUG [DataLogger] 1분봉 완성: A064260 @ 09:05 | C:10900.0 V:41216.0
[2025-09-29 09:06:00] DEBUG [DataLogger] 1분봉 완성: A060250 @ 09:05 | C:20150.0 V:24176.0
[2025-09-29 09:06:01] DEBUG [DataLogger] 1분봉 완성: A006220 @ 09:05 | C:15590.0 V:4971.0
[2025-09-29 09:06:06] INFO  [EventLogger] 이벤트 데이터 7분 분량 성공적으로 저장: data/market_events_2025-09-29.json
[2025-09-29 09:06:06] INFO  [EventLogger] 600초마다 자동 저장 기능 활성화.
[2025-09-29 09:07:00] DEBUG [DataLogger] 1분봉 완성: A005930 @ 09:06 | C:84200.0 V:12159.0
[2025-09-29 09:07:00] DEBUG [DataLogger] 1분봉 완성: A064260 @ 09:06 | C:10850.0 V:21554.0
[2025-09-29 09:07:01] DEBUG [DataLogger] 1분봉 완성: A060250 @ 09:06 | C:20100.0 V:10250.0
[2025-09-29 09:07:01] DEBUG [DataLogger] 1분봉 완성: A006220 @ 09:06 | C:15650.0 V:1288.0
[2025-09-29 09:08:00] DEBUG [DataLogger] 1분봉 완성: A064260 @ 09:07 | C:10840.0 V:33141.0
[2025-09-29 09:08:00] DEBUG [DataLogger] 1분봉 완성: A005930 @ 09:07 | C:84300.0 V:9389.0
[2025-09-29 09:08:00] DEBUG [DataLogger] 1분봉 완성: A060250 @ 09:07 | C:20100.0 V:8768.0
[2025-09-29 09:08:00] DEBUG [DataLogger] 1분봉 완성: A006220 @ 09:07 | C:15720.0 V:3142.0
[2025-09-29 09:08:14] INFO  [API] 파일에서 access_token을 불러왔습니다.
[2025-09-29 09:08:14] INFO  [API] 기존 토큰이 유효합니다. (오늘 발급됨)
[2025-09-29 09:08:14] WARNING [API] order_cash rt_cd=7 msg=주문 가능한 수량을 초과했습니다.
[2025-09-29 09:08:16] INFO  [API] 파일에서 access_token을 불러왔습니다.
[2025-09-29 09:08:16] INFO  [API] 기존 토큰이 유효합니다. (오늘 발급됨)
[2025-09-29 09:08:16] WARNING [API] order_cash rt_cd=7 msg=주문 가능한 수량을 초과했습니다.
[2025-09-29 09:08:18] INFO  [API] 파일에서 access_token을 불러왔습니다.
[2025-09-29 09:08:18] INFO  [API] 기존 토큰이 유효합니다. (오늘 발급됨)
[2025-09-29 09:08:18] WARNING [API] order_cash rt_cd=7 msg=주문 가능한 수량을 초과했습니다.
[2025-09-29 09:08:20] INFO  [API] 파일에서 access_token을 불러왔습니다.
[2025-09-29 09:08:20] INFO  [API] 기존 토큰이 유효합니다. (오늘 발급됨)
[2025-09-29 09:08:20] WARNING [API] order_cash rt_cd=7 msg=주문 가능한 수량을 초과했습니다.
[2025-09-29 09:08:22] INFO  [API] 파일에서 access_token을 불러왔습니다.
[2025-09-29 09:08:22] INFO  [API] 기존 토큰이 유효합니다. (오늘 발급됨)
[2025-09-29 09:08:22] WARNING [API] order_cash rt_cd=7 msg=주문 가능한 수량을 초과했습니다.
[2025-09-29 09:08:24] INFO  [API] 파일에서 access_token을 불러왔습니다.
[2025-09-29 09:08:24] INFO  [API] 기존 토큰이 유효합니다. (오늘 발급됨)
[2025-09-29 09:08:24] WARNING [API] order_cash rt_cd=7 msg=주문 가능한 수량을 초과했습니다.
[2025-09-29 09:08:26] INFO  [API] 파일에서 access_token을 불러왔습니다.
[2025-09-29 09:08:26] INFO  [API] 기존 토큰이 유효합니다. (오늘 발급됨)
[2025-09-29 09:08:26] WARNING [API] order_cash rt_cd=7 msg=주문 가능한 수량을 초과했습니다.
[2025-09-29 09:08:28] INFO  [API] 파일에서 access_token을 불러왔습니다.
[2025-09-29 09:08:28] INFO  [API] 기존 토큰이 유효합니다. (오늘 발급됨)
[2025-09-29 09:08:28] WARNING [API] order_cash rt_cd=7 msg=주문 가능한 수량을 초과했습니다.
[2025-09-29 09:08:30] INFO  [API] 파일에서 access_token을 불러왔습니다.
[2025-09-29 09:08:30] INFO  [API] 기존 토큰이 유효합니다. (오늘 발급됨)
[2025-09-29 09:08:30] WARNING [API] order_cash rt_cd=7 msg=주문 가능한 수량을 초과했습니다.
[2025-09-29 09:08:32] INFO  [API] 파일에서 access_token을 불러왔습니다.
[2025-09-29 09:08:32] INFO  [API] 기존 토큰이 유효합니다. (오늘 발급됨)
[2025-09-29 09:08:32] WARNING [API] order_cash rt_cd=7 msg=주문 가능한 수량을 초과했습니다.
[2025-09-29 09:08:34] INFO  [API] 파일에서 access_token을 불러왔습니다.
[2025-09-29 09:08:34] INFO  [API] 기존 토큰이 유효합니다. (오늘 발급됨)
[2025-09-29 09:08:34] WARNING [API] order_cash rt_cd=7 msg=주문 가능한 수량을 초과했습니다.
[2025-09-29 09:08:36] INFO  [API] 파일에서 access_token을 불러왔습니다.
[2025-09-29 09:08:36] INFO  [API] 기존 토큰이 유효합니다. (오늘 발급됨)
[2025-09-29 09:08:36] WARNING [API] order_cash rt_cd=7 msg=주문 가능한 수량을 초과했습니다.
[2025-09-29 09:08:38] INFO  [API] 파일에서 access_token을 불러왔습니다.
[2025-09-29 09:08:38] INFO  [API] 기존 토큰이 유효합니다. (오늘 발급됨)
[2025-09-29 09:08:38] WARNING [API] order_cash rt_cd=7 msg=주문 가능한 수량을 초과했습니다.
[2025-09-29 09:08:40] INFO  [API] 파일에서 access_token을 불러왔습니다.
[2025-09-29 09:08:40] INFO  [API] 기존 토큰이 유효합니다. (오늘 발급됨)
[2025-09-29 09:08:40] WARNING [API] order_cash rt_cd=7 msg=주문 가능한 수량을 초과했습니다.
[2025-09-29 09:08:42] INFO  [API] 파일에서 access_token을 불러왔습니다.
[2025-09-29 09:08:42] INFO  [API] 기존 토큰이 유효합니다. (오늘 발급됨)
[2025-09-29 09:08:42] WARNING [API] order_cash rt_cd=7 msg=주문 가능한 수량을 초과했습니다.
[2025-09-29 09:08:44] INFO  [API] 파일에서 access_token을 불러왔습니다.
[2025-09-29 09:08:44] INFO  [API] 기존 토큰이 유효합니다. (오늘 발급됨)
[2025-09-29 09:08:44] WARNING [API] order_cash rt_cd=7 msg=주문 가능한 수량을 초과했습니다.
[2025-09-29 09:08:46] INFO  [API] 파일에서 access_token을 불러왔습니다.
[2025-09-29 09:08:46] INFO  [API] 기존 토큰이 유효합니다. (오늘 발급됨)
[2025-09-29 09:08:46] WARNING [API] order_cash rt_cd=7 msg=주문 가능한 수량을 초과했습니다.
[2025-09-29 09:08:48] INFO  [API] 파일에서 access_token을 불러왔습니다.
[2025-09-29 09:08:48] INFO  [API] 기존 토큰이 유효합니다. (오늘 발급됨)
[2025-09-29 09:08:48] WARNING [API] order_cash rt_cd=7 msg=주문 가능한 수량을 초과했습니다.
[2025-09-29 09:08:50] INFO  [API] 파일에서 access_token을 불러왔습니다.
[2025-09-29 09:08:50] INFO  [API] 기존 토큰이 유효합니다. (오늘 발급됨)
[2025-09-29 09:08:51] WARNING [API] order_cash rt_cd=7 msg=주문 가능한 수량을 초과했습니다.
[2025-09-29 09:08:53] INFO  [API] 파일에서 access_token을 불러왔습니다.
[2025-09-29 09:08:53] INFO  [API] 기존 토큰이 유효합니다. (오늘 발급됨)
[2025-09-29 09:08:53] WARNING [API] order_cash rt_cd=7 msg=주문 가능한 수량을 초과했습니다.
[2025-09-29 09:08:55] INFO  [API] 파일에서 access_token을 불러왔습니다.
[2025-09-29 09:08:55] INFO  [API] 기존 토큰이 유효합니다. (오늘 발급됨)
[2025-09-29 09:08:55] WARNING [API] order_cash rt_cd=7 msg=주문 가능한 수량을 초과했습니다.
[2025-09-29 09:08:57] INFO  [API] 파일에서 access_token을 불러왔습니다.
[2025-09-29 09:08:57] INFO  [API] 기존 토큰이 유효합니다. (오늘 발급됨)
[2025-09-29 09:08:57] WARNING [API] order_cash rt_cd=7 msg=주문 가능한 수량을 초과했습니다.
[2025-09-29 09:08:59] INFO  [API] 파일에서 access_token을 불러왔습니다.
[2025-09-29 09:08:59] INFO  [API] 기존 토큰이 유효합니다. (오늘 발급됨)
[2025-09-29 09:08:59] WARNING [API] order_cash rt_cd=7 msg=주문 가능한 수량을 초과했습니다.
[2025-09-29 09:09:00] DEBUG [DataLogger] 1분봉 완성: A064260 @ 09:08 | C:10810.0 V:17742.0
[2025-09-29 09:09:00] DEBUG [DataLogger] 1분봉 완성: A060250 @ 09:08 | C:19920.0 V:40041.0
[2025-09-29 09:09:00] DEBUG [DataLogger] 1분봉 완성: A005930 @ 09:08 | C:84300.0 V:20771.0
[2025-09-29 09:09:00] DEBUG [DataLogger] 1분봉 완성: A006220 @ 09:08 | C:15640.0 V:3193.0
[2025-09-29 09:09:01] INFO  [API] 파일에서 access_token을 불러왔습니다.
[2025-09-29 09:09:01] INFO  [API] 기존 토큰이 유효합니다. (오늘 발급됨)
[2025-09-29 09:09:01] WARNING [API] order_cash rt_cd=7 msg=주문 가능한 수량을 초과했습니다.
[2025-09-29 09:09:03] INFO  [API] 파일에서 access_token을 불러왔습니다.
[2025-09-29 09:09:03] INFO  [API] 기존 토큰이 유효합니다. (오늘 발급됨)
[2025-09-29 09:09:03] WARNING [API] order_cash rt_cd=7 msg=주문 가능한 수량을 초과했습니다.
[2025-09-29 09:09:05] INFO  [API] 파일에서 access_token을 불러왔습니다.
[2025-09-29 09:09:05] INFO  [API] 기존 토큰이 유효합니다. (오늘 발급됨)
[2025-09-29 09:09:05] WARNING [API] order_cash rt_cd=7 msg=주문 가능한 수량을 초과했습니다.
[2025-09-29 09:09:07] INFO  [API] 파일에서 access_token을 불러왔습니다.
[2025-09-29 09:09:07] INFO  [API] 기존 토큰이 유효합니다. (오늘 발급됨)
[2025-09-29 09:09:07] WARNING [API] order_cash rt_cd=7 msg=주문 가능한 수량을 초과했습니다.
[2025-09-29 09:09:09] INFO  [API] 파일에서 access_token을 불러왔습니다.
[2025-09-29 09:09:09] INFO  [API] 기존 토큰이 유효합니다. (오늘 발급됨)
[2025-09-29 09:09:09] WARNING [API] order_cash rt_cd=7 msg=주문 가능한 수량을 초과했습니다.
[2025-09-29 09:09:11] INFO  [API] 파일에서 access_token을 불러왔습니다.
[2025-09-29 09:09:11] INFO  [API] 기존 토큰이 유효합니다. (오늘 발급됨)
[2025-09-29 09:09:11] WARNING [API] order_cash rt_cd=7 msg=주문 가능한 수량을 초과했습니다.
[2025-09-29 09:09:13] INFO  [API] 파일에서 access_token을 불러왔습니다.
[2025-09-29 09:09:13] INFO  [API] 기존 토큰이 유효합니다. (오늘 발급됨)
[2025-09-29 09:09:13] WARNING [API] order_cash rt_cd=7 msg=주문 가능한 수량을 초과했습니다.
[2025-09-29 09:09:15] INFO  [API] 파일에서 access_token을 불러왔습니다.
[2025-09-29 09:09:15] INFO  [API] 기존 토큰이 유효합니다. (오늘 발급됨)
[2025-09-29 09:09:15] WARNING [API] order_cash rt_cd=7 msg=주문 가능한 수량을 초과했습니다.
[2025-09-29 09:09:17] INFO  [API] 파일에서 access_token을 불러왔습니다.
[2025-09-29 09:09:17] INFO  [API] 기존 토큰이 유효합니다. (오늘 발급됨)
[2025-09-29 09:09:17] WARNING [API] order_cash rt_cd=7 msg=주문 가능한 수량을 초과했습니다.
[2025-09-29 09:09:19] INFO  [API] 파일에서 access_token을 불러왔습니다.
[2025-09-29 09:09:19] INFO  [API] 기존 토큰이 유효합니다. (오늘 발급됨)
[2025-09-29 09:09:19] WARNING [API] order_cash rt_cd=7 msg=주문 가능한 수량을 초과했습니다.
[2025-09-29 09:09:21] INFO  [API] 파일에서 access_token을 불러왔습니다.
[2025-09-29 09:09:21] INFO  [API] 기존 토큰이 유효합니다. (오늘 발급됨)
[2025-09-29 09:09:21] WARNING [API] order_cash rt_cd=7 msg=주문 가능한 수량을 초과했습니다.
[2025-09-29 09:09:23] INFO  [API] 파일에서 access_token을 불러왔습니다.
[2025-09-29 09:09:23] INFO  [API] 기존 토큰이 유효합니다. (오늘 발급됨)
[2025-09-29 09:09:23] WARNING [API] order_cash rt_cd=7 msg=주문 가능한 수량을 초과했습니다.
[2025-09-29 09:09:25] INFO  [API] 파일에서 access_token을 불러왔습니다.
[2025-09-29 09:09:25] INFO  [API] 기존 토큰이 유효합니다. (오늘 발급됨)
[2025-09-29 09:09:25] WARNING [API] order_cash rt_cd=7 msg=주문 가능한 수량을 초과했습니다.
[2025-09-29 09:09:27] INFO  [API] 파일에서 access_token을 불러왔습니다.
[2025-09-29 09:09:27] INFO  [API] 기존 토큰이 유효합니다. (오늘 발급됨)
[2025-09-29 09:09:27] WARNING [API] order_cash rt_cd=7 msg=주문 가능한 수량을 초과했습니다.
[2025-09-29 09:09:29] INFO  [API] 파일에서 access_token을 불러왔습니다.
[2025-09-29 09:09:29] INFO  [API] 기존 토큰이 유효합니다. (오늘 발급됨)
[2025-09-29 09:09:29] WARNING [API] order_cash rt_cd=7 msg=주문 가능한 수량을 초과했습니다.
[2025-09-29 09:09:31] INFO  [API] 파일에서 access_token을 불러왔습니다.
[2025-09-29 09:09:31] INFO  [API] 기존 토큰이 유효합니다. (오늘 발급됨)
[2025-09-29 09:09:31] WARNING [API] order_cash rt_cd=7 msg=주문 가능한 수량을 초과했습니다.
[2025-09-29 09:09:33] INFO  [API] 파일에서 access_token을 불러왔습니다.
[2025-09-29 09:09:33] INFO  [API] 기존 토큰이 유효합니다. (오늘 발급됨)
[2025-09-29 09:09:33] WARNING [API] order_cash rt_cd=7 msg=주문 가능한 수량을 초과했습니다.
[2025-09-29 09:09:35] INFO  [API] 파일에서 access_token을 불러왔습니다.
[2025-09-29 09:09:35] INFO  [API] 기존 토큰이 유효합니다. (오늘 발급됨)
[2025-09-29 09:09:35] WARNING [API] order_cash rt_cd=7 msg=주문 가능한 수량을 초과했습니다.
[2025-09-29 09:09:37] INFO  [API] 파일에서 access_token을 불러왔습니다.
[2025-09-29 09:09:37] INFO  [API] 기존 토큰이 유효합니다. (오늘 발급됨)
[2025-09-29 09:09:37] WARNING [API] order_cash rt_cd=7 msg=주문 가능한 수량을 초과했습니다.
[2025-09-29 09:09:39] INFO  [API] 파일에서 access_token을 불러왔습니다.
[2025-09-29 09:09:39] INFO  [API] 기존 토큰이 유효합니다. (오늘 발급됨)
[2025-09-29 09:09:39] WARNING [API] order_cash rt_cd=7 msg=주문 가능한 수량을 초과했습니다.
[2025-09-29 09:09:41] INFO  [API] 파일에서 access_token을 불러왔습니다.
[2025-09-29 09:09:41] INFO  [API] 기존 토큰이 유효합니다. (오늘 발급됨)
[2025-09-29 09:09:41] WARNING [API] order_cash rt_cd=7 msg=주문 가능한 수량을 초과했습니다.
[2025-09-29 09:09:43] INFO  [API] 파일에서 access_token을 불러왔습니다.
[2025-09-29 09:09:43] INFO  [API] 기존 토큰이 유효합니다. (오늘 발급됨)
[2025-09-29 09:09:44] WARNING [API] order_cash rt_cd=7 msg=주문 가능한 수량을 초과했습니다.
[2025-09-29 09:09:46] INFO  [API] 파일에서 access_token을 불러왔습니다.
[2025-09-29 09:09:46] INFO  [API] 기존 토큰이 유효합니다. (오늘 발급됨)
[2025-09-29 09:09:46] WARNING [API] order_cash rt_cd=7 msg=주문 가능한 수량을 초과했습니다.
[2025-09-29 09:09:48] INFO  [API] 파일에서 access_token을 불러왔습니다.
[2025-09-29 09:09:48] INFO  [API] 기존 토큰이 유효합니다. (오늘 발급됨)
[2025-09-29 09:09:48] WARNING [API] order_cash rt_cd=7 msg=주문 가능한 수량을 초과했습니다.
[2025-09-29 09:09:54] INFO  [API] 파일에서 access_token을 불러왔습니다.
[2025-09-29 09:09:54] INFO  [API] 기존 토큰이 유효합니다. (오늘 발급됨)
[2025-09-29 09:09:54] WARNING [API] order_cash rt_cd=7 msg=주문 가능한 수량을 초과했습니다.
[2025-09-29 09:09:56] INFO  [API] 파일에서 access_token을 불러왔습니다.
[2025-09-29 09:09:56] INFO  [API] 기존 토큰이 유효합니다. (오늘 발급됨)
[2025-09-29 09:09:56] WARNING [API] order_cash rt_cd=7 msg=주문 가능한 수량을 초과했습니다.
[2025-09-29 09:09:58] INFO  [API] 파일에서 access_token을 불러왔습니다.
[2025-09-29 09:09:58] INFO  [API] 기존 토큰이 유효합니다. (오늘 발급됨)
[2025-09-29 09:09:58] WARNING [API] order_cash rt_cd=7 msg=주문 가능한 수량을 초과했습니다.
[2025-09-29 09:10:00] DEBUG [DataLogger] 1분봉 완성: A006220 @ 09:09 | C:15530.0 V:5416.0
[2025-09-29 09:10:00] DEBUG [DataLogger] 1분봉 완성: A064260 @ 09:09 | C:10670.0 V:36612.0
[2025-09-29 09:10:00] DEBUG [DataLogger] 1분봉 완성: A060250 @ 09:09 | C:19890.0 V:12204.0
[2025-09-29 09:10:00] INFO  [API] 파일에서 access_token을 불러왔습니다.
[2025-09-29 09:10:00] INFO  [API] 기존 토큰이 유효합니다. (오늘 발급됨)
[2025-09-29 09:10:00] WARNING [API] order_cash rt_cd=7 msg=주문 가능한 수량을 초과했습니다.
[2025-09-29 09:10:01] DEBUG [DataLogger] 1분봉 완성: A005930 @ 09:09 | C:84300.0 V:16540.0
[2025-09-29 09:10:02] INFO  [API] 파일에서 access_token을 불러왔습니다.
[2025-09-29 09:10:02] INFO  [API] 기존 토큰이 유효합니다. (오늘 발급됨)
[2025-09-29 09:10:02] WARNING [API] order_cash rt_cd=7 msg=주문 가능한 수량을 초과했습니다.
[2025-09-29 09:10:04] INFO  [API] 파일에서 access_token을 불러왔습니다.
[2025-09-29 09:10:04] INFO  [API] 기존 토큰이 유효합니다. (오늘 발급됨)
[2025-09-29 09:10:04] WARNING [API] order_cash rt_cd=7 msg=주문 가능한 수량을 초과했습니다.
[2025-09-29 09:10:06] INFO  [API] 파일에서 access_token을 불러왔습니다.
[2025-09-29 09:10:06] INFO  [API] 기존 토큰이 유효합니다. (오늘 발급됨)
[2025-09-29 09:10:06] WARNING [API] order_cash rt_cd=7 msg=주문 가능한 수량을 초과했습니다.
[2025-09-29 09:10:08] INFO  [API] 파일에서 access_token을 불러왔습니다.
[2025-09-29 09:10:08] INFO  [API] 기존 토큰이 유효합니다. (오늘 발급됨)
[2025-09-29 09:10:08] WARNING [API] order_cash rt_cd=7 msg=주문 가능한 수량을 초과했습니다.
[2025-09-29 09:10:10] INFO  [API] 파일에서 access_token을 불러왔습니다.
[2025-09-29 09:10:10] INFO  [API] 기존 토큰이 유효합니다. (오늘 발급됨)
[2025-09-29 09:10:10] WARNING [API] order_cash rt_cd=7 msg=주문 가능한 수량을 초과했습니다.
[2025-09-29 09:10:12] INFO  [API] 파일에서 access_token을 불러왔습니다.
[2025-09-29 09:10:12] INFO  [API] 기존 토큰이 유효합니다. (오늘 발급됨)
[2025-09-29 09:10:12] WARNING [API] order_cash rt_cd=7 msg=주문 가능한 수량을 초과했습니다.
[2025-09-29 09:10:14] INFO  [API] 파일에서 access_token을 불러왔습니다.
[2025-09-29 09:10:14] INFO  [API] 기존 토큰이 유효합니다. (오늘 발급됨)
[2025-09-29 09:10:14] WARNING [API] order_cash rt_cd=7 msg=주문 가능한 수량을 초과했습니다.
[2025-09-29 09:10:16] INFO  [API] 파일에서 access_token을 불러왔습니다.
[2025-09-29 09:10:16] INFO  [API] 기존 토큰이 유효합니다. (오늘 발급됨)
[2025-09-29 09:10:16] WARNING [API] order_cash rt_cd=7 msg=주문 가능한 수량을 초과했습니다.
[2025-09-29 09:10:18] INFO  [API] 파일에서 access_token을 불러왔습니다.
[2025-09-29 09:10:18] INFO  [API] 기존 토큰이 유효합니다. (오늘 발급됨)
[2025-09-29 09:10:18] WARNING [API] order_cash rt_cd=7 msg=주문 가능한 수량을 초과했습니다.
[2025-09-29 09:10:20] INFO  [API] 파일에서 access_token을 불러왔습니다.
[2025-09-29 09:10:20] INFO  [API] 기존 토큰이 유효합니다. (오늘 발급됨)
[2025-09-29 09:10:21] WARNING [API] order_cash rt_cd=7 msg=주문 가능한 수량을 초과했습니다.
[2025-09-29 09:10:23] INFO  [API] 파일에서 access_token을 불러왔습니다.
[2025-09-29 09:10:23] INFO  [API] 기존 토큰이 유효합니다. (오늘 발급됨)
[2025-09-29 09:10:23] WARNING [API] order_cash rt_cd=7 msg=주문 가능한 수량을 초과했습니다.
[2025-09-29 09:10:25] INFO  [API] 파일에서 access_token을 불러왔습니다.
[2025-09-29 09:10:25] INFO  [API] 기존 토큰이 유효합니다. (오늘 발급됨)
[2025-09-29 09:10:25] WARNING [API] order_cash rt_cd=7 msg=주문 가능한 수량을 초과했습니다.
[2025-09-29 09:10:27] INFO  [API] 파일에서 access_token을 불러왔습니다.
[2025-09-29 09:10:27] INFO  [API] 기존 토큰이 유효합니다. (오늘 발급됨)
[2025-09-29 09:10:27] WARNING [API] order_cash rt_cd=7 msg=주문 가능한 수량을 초과했습니다.
[2025-09-29 09:10:29] INFO  [API] 파일에서 access_token을 불러왔습니다.
[2025-09-29 09:10:29] INFO  [API] 기존 토큰이 유효합니다. (오늘 발급됨)
[2025-09-29 09:10:29] WARNING [API] order_cash rt_cd=7 msg=주문 가능한 수량을 초과했습니다.
[2025-09-29 09:10:31] INFO  [API] 파일에서 access_token을 불러왔습니다.
[2025-09-29 09:10:31] INFO  [API] 기존 토큰이 유효합니다. (오늘 발급됨)
[2025-09-29 09:10:31] WARNING [API] order_cash rt_cd=7 msg=주문 가능한 수량을 초과했습니다.
[2025-09-29 09:10:33] INFO  [API] 파일에서 access_token을 불러왔습니다.
[2025-09-29 09:10:33] INFO  [API] 기존 토큰이 유효합니다. (오늘 발급됨)
[2025-09-29 09:10:33] WARNING [API] order_cash rt_cd=7 msg=주문 가능한 수량을 초과했습니다.
[2025-09-29 09:10:35] INFO  [API] 파일에서 access_token을 불러왔습니다.
[2025-09-29 09:10:35] INFO  [API] 기존 토큰이 유효합니다. (오늘 발급됨)
[2025-09-29 09:10:35] WARNING [API] order_cash rt_cd=7 msg=주문 가능한 수량을 초과했습니다.
[2025-09-29 09:10:37] INFO  [API] 파일에서 access_token을 불러왔습니다.
[2025-09-29 09:10:37] INFO  [API] 기존 토큰이 유효합니다. (오늘 발급됨)
[2025-09-29 09:10:37] WARNING [API] order_cash rt_cd=7 msg=주문 가능한 수량을 초과했습니다.
[2025-09-29 09:10:39] INFO  [API] 파일에서 access_token을 불러왔습니다.
[2025-09-29 09:10:39] INFO  [API] 기존 토큰이 유효합니다. (오늘 발급됨)
[2025-09-29 09:10:39] WARNING [API] order_cash rt_cd=7 msg=주문 가능한 수량을 초과했습니다.
[2025-09-29 09:10:41] INFO  [API] 파일에서 access_token을 불러왔습니다.
[2025-09-29 09:10:41] INFO  [API] 기존 토큰이 유효합니다. (오늘 발급됨)
[2025-09-29 09:10:41] WARNING [API] order_cash rt_cd=7 msg=주문 가능한 수량을 초과했습니다.
[2025-09-29 09:10:43] INFO  [API] 파일에서 access_token을 불러왔습니다.
[2025-09-29 09:10:43] INFO  [API] 기존 토큰이 유효합니다. (오늘 발급됨)
[2025-09-29 09:10:43] WARNING [API] order_cash rt_cd=7 msg=주문 가능한 수량을 초과했습니다.
[2025-09-29 09:10:45] INFO  [API] 파일에서 access_token을 불러왔습니다.
[2025-09-29 09:10:45] INFO  [API] 기존 토큰이 유효합니다. (오늘 발급됨)
[2025-09-29 09:10:45] WARNING [API] order_cash rt_cd=7 msg=주문 가능한 수량을 초과했습니다.
[2025-09-29 09:10:47] INFO  [API] 파일에서 access_token을 불러왔습니다.
[2025-09-29 09:10:47] INFO  [API] 기존 토큰이 유효합니다. (오늘 발급됨)
[2025-09-29 09:10:47] WARNING [API] order_cash rt_cd=7 msg=주문 가능한 수량을 초과했습니다.
[2025-09-29 09:10:49] INFO  [API] 파일에서 access_token을 불러왔습니다.
[2025-09-29 09:10:49] INFO  [API] 기존 토큰이 유효합니다. (오늘 발급됨)
[2025-09-29 09:10:49] WARNING [API] order_cash rt_cd=7 msg=주문 가능한 수량을 초과했습니다.
[2025-09-29 09:10:51] INFO  [API] 파일에서 access_token을 불러왔습니다.
[2025-09-29 09:10:51] INFO  [API] 기존 토큰이 유효합니다. (오늘 발급됨)
[2025-09-29 09:10:51] WARNING [API] order_cash rt_cd=7 msg=주문 가능한 수량을 초과했습니다.
[2025-09-29 09:10:53] INFO  [API] 파일에서 access_token을 불러왔습니다.
[2025-09-29 09:10:53] INFO  [API] 기존 토큰이 유효합니다. (오늘 발급됨)
[2025-09-29 09:10:53] WARNING [API] order_cash rt_cd=7 msg=주문 가능한 수량을 초과했습니다.
[2025-09-29 09:10:55] INFO  [API] 파일에서 access_token을 불러왔습니다.
[2025-09-29 09:10:55] INFO  [API] 기존 토큰이 유효합니다. (오늘 발급됨)
[2025-09-29 09:10:55] WARNING [API] order_cash rt_cd=7 msg=주문 가능한 수량을 초과했습니다.
[2025-09-29 09:10:57] INFO  [API] 파일에서 access_token을 불러왔습니다.
[2025-09-29 09:10:57] INFO  [API] 기존 토큰이 유효합니다. (오늘 발급됨)
[2025-09-29 09:10:57] WARNING [API] order_cash rt_cd=7 msg=주문 가능한 수량을 초과했습니다.
[2025-09-29 09:10:59] INFO  [API] 파일에서 access_token을 불러왔습니다.
[2025-09-29 09:10:59] INFO  [API] 기존 토큰이 유효합니다. (오늘 발급됨)
[2025-09-29 09:10:59] WARNING [API] order_cash rt_cd=7 msg=주문 가능한 수량을 초과했습니다.
[2025-09-29 09:11:00] DEBUG [DataLogger] 1분봉 완성: A005930 @ 09:10 | C:84400.0 V:11428.0
[2025-09-29 09:11:00] DEBUG [DataLogger] 1분봉 완성: A064260 @ 09:10 | C:10640.0 V:32002.0
[2025-09-29 09:11:00] DEBUG [DataLogger] 1분봉 완성: A060250 @ 09:10 | C:19910.0 V:12506.0
[2025-09-29 09:11:01] INFO  [API] 파일에서 access_token을 불러왔습니다.
[2025-09-29 09:11:01] INFO  [API] 기존 토큰이 유효합니다. (오늘 발급됨)
[2025-09-29 09:11:01] WARNING [API] order_cash rt_cd=7 msg=주문 가능한 수량을 초과했습니다.
[2025-09-29 09:11:03] DEBUG [DataLogger] 1분봉 완성: A006220 @ 09:10 | C:15520.0 V:2269.0
[2025-09-29 09:11:03] INFO  [API] 파일에서 access_token을 불러왔습니다.
[2025-09-29 09:11:03] INFO  [API] 기존 토큰이 유효합니다. (오늘 발급됨)
[2025-09-29 09:11:03] WARNING [API] order_cash rt_cd=7 msg=주문 가능한 수량을 초과했습니다.
[2025-09-29 09:11:05] INFO  [API] 파일에서 access_token을 불러왔습니다.
[2025-09-29 09:11:05] INFO  [API] 기존 토큰이 유효합니다. (오늘 발급됨)
[2025-09-29 09:11:05] WARNING [API] order_cash rt_cd=7 msg=주문 가능한 수량을 초과했습니다.
[2025-09-29 09:11:07] INFO  [API] 파일에서 access_token을 불러왔습니다.
[2025-09-29 09:11:07] INFO  [API] 기존 토큰이 유효합니다. (오늘 발급됨)
[2025-09-29 09:11:07] WARNING [API] order_cash rt_cd=7 msg=주문 가능한 수량을 초과했습니다.
[2025-09-29 09:11:09] INFO  [API] 파일에서 access_token을 불러왔습니다.
[2025-09-29 09:11:09] INFO  [API] 기존 토큰이 유효합니다. (오늘 발급됨)
[2025-09-29 09:11:09] WARNING [API] order_cash rt_cd=7 msg=주문 가능한 수량을 초과했습니다.
[2025-09-29 09:11:11] INFO  [API] 파일에서 access_token을 불러왔습니다.
[2025-09-29 09:11:11] INFO  [API] 기존 토큰이 유효합니다. (오늘 발급됨)
[2025-09-29 09:11:11] WARNING [API] order_cash rt_cd=7 msg=주문 가능한 수량을 초과했습니다.
[2025-09-29 09:11:13] INFO  [API] 파일에서 access_token을 불러왔습니다.
[2025-09-29 09:11:13] INFO  [API] 기존 토큰이 유효합니다. (오늘 발급됨)
[2025-09-29 09:11:13] WARNING [API] order_cash rt_cd=7 msg=주문 가능한 수량을 초과했습니다.
[2025-09-29 09:11:15] INFO  [API] 파일에서 access_token을 불러왔습니다.
[2025-09-29 09:11:15] INFO  [API] 기존 토큰이 유효합니다. (오늘 발급됨)
[2025-09-29 09:11:15] WARNING [API] order_cash rt_cd=7 msg=주문 가능한 수량을 초과했습니다.
[2025-09-29 09:11:17] INFO  [API] 파일에서 access_token을 불러왔습니다.
[2025-09-29 09:11:17] INFO  [API] 기존 토큰이 유효합니다. (오늘 발급됨)
[2025-09-29 09:11:17] WARNING [API] order_cash rt_cd=7 msg=주문 가능한 수량을 초과했습니다.
[2025-09-29 09:11:19] INFO  [API] 파일에서 access_token을 불러왔습니다.
[2025-09-29 09:11:19] INFO  [API] 기존 토큰이 유효합니다. (오늘 발급됨)
[2025-09-29 09:11:20] WARNING [API] order_cash rt_cd=7 msg=주문 가능한 수량을 초과했습니다.
[2025-09-29 09:12:00] DEBUG [DataLogger] 1분봉 완성: A064260 @ 09:11 | C:10720.0 V:28887.0
[2025-09-29 09:12:00] DEBUG [DataLogger] 1분봉 완성: A060250 @ 09:11 | C:20100.0 V:8554.0
[2025-09-29 09:12:00] DEBUG [DataLogger] 1분봉 완성: A006220 @ 09:11 | C:15550.0 V:2386.0
[2025-09-29 09:12:01] DEBUG [DataLogger] 1분봉 완성: A005930 @ 09:11 | C:84300.0 V:19751.0
[2025-09-29 09:13:00] DEBUG [DataLogger] 1분봉 완성: A005930 @ 09:12 | C:84300.0 V:9422.0
[2025-09-29 09:13:00] DEBUG [DataLogger] 1분봉 완성: A064260 @ 09:12 | C:10710.0 V:26573.0
[2025-09-29 09:13:01] DEBUG [DataLogger] 1분봉 완성: A060250 @ 09:12 | C:20200.0 V:5761.0
[2025-09-29 09:13:17] DEBUG [DataLogger] 1분봉 완성: A006220 @ 09:12 | C:15610.0 V:686.0
[2025-09-29 09:14:00] DEBUG [DataLogger] 1분봉 완성: A006220 @ 09:13 | C:15590.0 V:1353.0
[2025-09-29 09:14:00] DEBUG [DataLogger] 1분봉 완성: A005930 @ 09:13 | C:84200.0 V:21269.0
[2025-09-29 09:14:01] DEBUG [DataLogger] 1분봉 완성: A064260 @ 09:13 | C:10720.0 V:15824.0
[2025-09-29 09:14:02] DEBUG [DataLogger] 1분봉 완성: A060250 @ 09:13 | C:20050.0 V:4535.0
[2025-09-29 09:15:00] DEBUG [DataLogger] 1분봉 완성: A006220 @ 09:14 | C:15650.0 V:1403.0
[2025-09-29 09:15:00] DEBUG [DataLogger] 1분봉 완성: A064260 @ 09:14 | C:10760.0 V:17953.0
[2025-09-29 09:15:00] DEBUG [DataLogger] 1분봉 완성: A005930 @ 09:14 | C:84100.0 V:13511.0
[2025-09-29 09:15:01] DEBUG [DataLogger] 1분봉 완성: A060250 @ 09:14 | C:20050.0 V:3251.0
[2025-09-29 09:16:00] DEBUG [DataLogger] 1분봉 완성: A005930 @ 09:15 | C:84300.0 V:28948.0
[2025-09-29 09:16:00] DEBUG [DataLogger] 1분봉 완성: A006220 @ 09:15 | C:15610.0 V:412.0
[2025-09-29 09:16:01] DEBUG [DataLogger] 1분봉 완성: A064260 @ 09:15 | C:10720.0 V:15663.0
[2025-09-29 09:16:02] DEBUG [DataLogger] 1분봉 완성: A060250 @ 09:15 | C:20050.0 V:2988.0
[2025-09-29 09:16:06] INFO  [EventLogger] 이벤트 데이터 17분 분량 성공적으로 저장: data/market_events_2025-09-29.json
[2025-09-29 09:16:06] INFO  [EventLogger] 600초마다 자동 저장 기능 활성화.
[2025-09-29 09:17:00] DEBUG [DataLogger] 1분봉 완성: A005930 @ 09:16 | C:84500.0 V:48216.0
[2025-09-29 09:17:01] DEBUG [DataLogger] 1분봉 완성: A006220 @ 09:16 | C:15580.0 V:2523.0
[2025-09-29 09:17:01] DEBUG [DataLogger] 1분봉 완성: A064260 @ 09:16 | C:10730.0 V:10520.0
[2025-09-29 09:17:07] DEBUG [DataLogger] 1분봉 완성: A060250 @ 09:16 | C:20150.0 V:2917.0
[2025-09-29 09:18:00] DEBUG [DataLogger] 1분봉 완성: A064260 @ 09:17 | C:10650.0 V:12186.0
[2025-09-29 09:18:00] DEBUG [DataLogger] 1분봉 완성: A005930 @ 09:17 | C:84600.0 V:2282.0
[2025-09-29 09:18:00] DEBUG [DataLogger] 1분봉 완성: A060250 @ 09:17 | C:20200.0 V:2487.0
[2025-09-29 09:18:04] DEBUG [DataLogger] 1분봉 완성: A006220 @ 09:17 | C:15580.0 V:607.0
[2025-09-29 09:19:00] DEBUG [DataLogger] 1분봉 완성: A064260 @ 09:18 | C:10650.0 V:19407.0
[2025-09-29 09:19:00] DEBUG [DataLogger] 1분봉 완성: A005930 @ 09:18 | C:84700.0 V:6841.0
[2025-09-29 09:19:01] DEBUG [DataLogger] 1분봉 완성: A060250 @ 09:18 | C:20250.0 V:6873.0
[2025-09-29 09:19:24] DEBUG [DataLogger] 1분봉 완성: A006220 @ 09:18 | C:15550.0 V:816.0
[2025-09-29 09:20:00] DEBUG [DataLogger] 1분봉 완성: A005930 @ 09:19 | C:84700.0 V:41554.0
[2025-09-29 09:20:00] DEBUG [DataLogger] 1분봉 완성: A060250 @ 09:19 | C:20300.0 V:7190.0
[2025-09-29 09:20:01] DEBUG [DataLogger] 1분봉 완성: A064260 @ 09:19 | C:10640.0 V:18033.0
[2025-09-29 09:20:14] DEBUG [DataLogger] 1분봉 완성: A006220 @ 09:19 | C:15570.0 V:334.0
[2025-09-29 09:21:00] DEBUG [DataLogger] 1분봉 완성: A005930 @ 09:20 | C:84700.0 V:14477.0
[2025-09-29 09:21:00] DEBUG [DataLogger] 1분봉 완성: A064260 @ 09:20 | C:10650.0 V:9480.0
[2025-09-29 09:21:01] DEBUG [DataLogger] 1분봉 완성: A060250 @ 09:20 | C:20150.0 V:5436.0
[2025-09-29 09:21:06] DEBUG [DataLogger] 1분봉 완성: A006220 @ 09:20 | C:15570.0 V:474.0
[2025-09-29 09:21:14] INFO  WebSocket 연결 종료 code=None msg=None
[2025-09-29 09:21:14] INFO  🛑 WebSocket 중지 요청 완료
[2025-09-29 09:21:14] INFO  [DataLogger] 종료 시 최종 저장 실행...
[2025-09-29 09:21:14] INFO  [DataLogger] 데이터 103764개 성공적으로 저장: data/historical_ohlcv_1min.json
[2025-09-29 09:21:14] INFO  [EventLogger] 종료 시 최종 저장 실행...
[2025-09-29 09:21:14] INFO  [EventLogger] 이벤트 데이터 22분 분량 성공적으로 저장: data/market_events_2025-09-29.json
[2025-09-29 09:21:15] DEBUG [Notifier] 텔레그램 메시지 발송 성공: 시스템 종료
[2025-09-29 09:21:15] INFO  [MAIN] 시스템 정상 종료
[2025-09-29 09:21:15] INFO  [MAIN] 프로그램 종료
[2025-09-29 09:21:16] INFO  [DataLogger] 데이터 103764개 성공적으로 저장: data/historical_ohlcv_1min.json
[2025-09-29 09:21:22] INFO  [DataLogger] 기존 데이터 103764개 로드 완료.
[2025-09-29 09:21:22] INFO  [DataLogger] 3600초마다 자동 저장 기능 활성화.
[2025-09-29 09:21:22] INFO  [MAIN] 데이터 로거 활성화 및 종료 시 자동 저장 등록
[2025-09-29 09:21:22] INFO  [Notifier] 텔레그램 알림 기능 활성화.
[2025-09-29 09:21:23] INFO  [EventLogger] 기존 이벤트 데이터 22분 로드 완료.
[2025-09-29 09:21:23] INFO  [EventLogger] 600초마다 자동 저장 기능 활성화.
[2025-09-29 09:21:23] INFO  [MAIN] 설정 로드 완료
[2025-09-29 09:21:23] INFO  [MAIN] === KIS 스캘핑 시스템 Phase 1~6 통합 ===
[2025-09-29 09:21:23] INFO  [MAIN] • Phase 1: 실시간 신호 생성
[2025-09-29 09:21:23] INFO  [MAIN] • Phase 2: 종목 선별
[2025-09-29 09:21:23] INFO  [MAIN] • Phase 3: 포지션 관리
[2025-09-29 09:21:23] INFO  [MAIN] • Phase 4: 시간대별 전략
[2025-09-29 09:21:23] INFO  [MAIN] • Phase 5: 백테스팅 & 성과 분석
[2025-09-29 09:21:23] INFO  [MAIN] • Phase 6: 실시간 통합 운영
[2025-09-29 09:21:23] INFO  [API] 파일에서 access_token을 불러왔습니다.
[2025-09-29 09:21:23] INFO  [API] 기존 토큰이 유효합니다. (오늘 발급됨)
[2025-09-29 09:21:23] INFO  [API] 파일에서 access_token을 불러왔습니다.
[2025-09-29 09:21:23] INFO  [API] 기존 토큰이 유효합니다. (오늘 발급됨)
[2025-09-29 09:21:23] INFO  [API] 파일에서 access_token을 불러왔습니다.
[2025-09-29 09:21:23] INFO  [API] 기존 토큰이 유효합니다. (오늘 발급됨)
[2025-09-29 09:21:23] INFO  [API] 파일에서 access_token을 불러왔습니다.
[2025-09-29 09:21:23] INFO  [API] 기존 토큰이 유효합니다. (오늘 발급됨)
[2025-09-29 09:21:23] INFO  [API] 파일에서 access_token을 불러왔습니다.
[2025-09-29 09:21:23] INFO  [API] 기존 토큰이 유효합니다. (오늘 발급됨)
[2025-09-29 09:21:23] INFO  [API] 기존 웹소켓 접속키가 유효합니다. (오늘 발급됨)
[2025-09-29 09:21:23] INFO  [WS] 연결 시도: url=ws://ops.koreainvestment.com:21000/ws
[2025-09-29 09:21:23] INFO  [WS] approval_key=9d6e342d-9e61-4d...
[2025-09-29 09:21:23] INFO  [WS] tr_id=H0STCNT0
[2025-09-29 09:21:23] INFO  [WS] WebSocket 연결 대기... (최대 15초)
[2025-09-29 09:21:23] INFO  ✅ WebSocket 연결 성공
[2025-09-29 09:31:23] INFO  [EventLogger] 이벤트 데이터 22분 분량 성공적으로 저장: data/market_events_2025-09-29.json
[2025-09-29 09:31:23] INFO  [EventLogger] 600초마다 자동 저장 기능 활성화.
[2025-09-29 09:31:23] INFO  [API] 파일에서 access_token을 불러왔습니다.
[2025-09-29 09:31:23] INFO  [API] 기존 토큰이 유효합니다. (오늘 발급됨)
[2025-09-29 09:31:23] INFO  종가매매 스크리너 시작. 후보: 30개
[2025-09-29 09:31:23] DEBUG [FILTER] 동양(001520) 제외: 거래대금 미달 (0 < 10,000,000,000)
[2025-09-29 09:31:23] DEBUG [FILTER] KODEX 인버스(114800) 제외: 제외 키워드 포함
[2025-09-29 09:31:23] DEBUG [FILTER] KODEX 코스닥150선물인버스(251340) 제외: 제외 키워드 포함
[2025-09-29 09:31:23] DEBUG [FILTER] 다날(064260) 제외: 거래대금 미달 (0 < 10,000,000,000)
[2025-09-29 09:31:23] DEBUG [FILTER] 한화투자증권(003530) 제외: 거래대금 미달 (0 < 10,000,000,000)
[2025-09-29 09:31:23] DEBUG [FILTER] 삼성전자(005930) 제외: 제외 심볼 포함
[2025-09-29 09:31:23] DEBUG [FILTER] 우리기술(032820) 제외: 거래대금 미달 (0 < 10,000,000,000)
[2025-09-29 09:31:23] DEBUG [FILTER] KODEX 200(069500) 제외: 제외 키워드 포함
[2025-09-29 09:31:23] DEBUG [FILTER] TIGER 인터넷TOP10(365000) 제외: 제외 키워드 포함
[2025-09-29 09:31:23] DEBUG [FILTER] 미래에셋증권(006800) 제외: 거래대금 미달 (0 < 10,000,000,000)
[2025-09-29 09:31:23] DEBUG [FILTER] NHN KCP(060250) 제외: 거래대금 미달 (0 < 10,000,000,000)
[2025-09-29 09:31:23] DEBUG [FILTER] 헥토파이낸셜(234340) 제외: 거래대금 미달 (0 < 10,000,000,000)
[2025-09-29 09:31:23] DEBUG [FILTER] 아이티센글로벌(124500) 제외: 거래대금 미달 (0 < 10,000,000,000)
[2025-09-29 09:31:23] DEBUG [FILTER] NAVER(035420) 제외: 거래대금 미달 (0 < 10,000,000,000)
[2025-09-29 09:31:23] DEBUG [FILTER] KODEX 증권(102970) 제외: 제외 키워드 포함
[2025-09-29 09:31:23] DEBUG [FILTER] 한국정보인증(053300) 제외: 거래대금 미달 (0 < 10,000,000,000)
[2025-09-29 09:31:23] DEBUG [FILTER] KODEX 코스닥150(229200) 제외: 제외 키워드 포함
[2025-09-29 09:31:23] DEBUG [FILTER] 두산에너빌리티(034020) 제외: 거래대금 미달 (0 < 10,000,000,000)
[2025-09-29 09:31:23] DEBUG [FILTER] LG디스플레이(034220) 제외: 거래대금 미달 (0 < 10,000,000,000)
[2025-09-29 09:31:23] DEBUG [FILTER] ACE KRX금현물(411060) 제외: 거래대금 미달 (0 < 10,000,000,000)
[2025-09-29 09:31:23] DEBUG [FILTER] 카카오(035720) 제외: 거래대금 미달 (0 < 10,000,000,000)
[2025-09-29 09:31:23] DEBUG [FILTER] 아톤(158430) 제외: 거래대금 미달 (0 < 10,000,000,000)
[2025-09-29 09:31:23] DEBUG [FILTER] SK증권(001510) 제외: 거래대금 미달 (0 < 10,000,000,000)
[2025-09-29 09:31:23] DEBUG [FILTER] TIGER 반도체TOP10(396500) 제외: 제외 키워드 포함
[2025-09-29 09:31:23] DEBUG [FILTER] 엑셈(205100) 제외: 거래대금 미달 (0 < 10,000,000,000)
[2025-09-29 09:31:23] DEBUG [FILTER] TIGER 미국S&P500(360750) 제외: 제외 키워드 포함
[2025-09-29 09:31:23] DEBUG [FILTER] 한솔테크닉스(004710) 제외: 거래대금 미달 (0 < 10,000,000,000)
[2025-09-29 09:31:23] DEBUG [FILTER] KBI동양철관(008970) 제외: 거래대금 미달 (0 < 10,000,000,000)
[2025-09-29 09:31:23] DEBUG [FILTER] RISE 200위클리커버드콜(475720) 제외: 거래대금 미달 (0 < 10,000,000,000)
[2025-09-29 09:31:23] DEBUG [FILTER] TIGER 리츠부동산인프라(329200) 제외: 제외 키워드 포함
[2025-09-29 09:31:23] INFO  [FILTER] 필터링 결과: 총 30개 중 0개 통과. 탈락 사유: 심볼(1개), 키워드(9개), 거래대금(20개), 스프레드(0개)
[2025-09-29 09:31:23] INFO  최종 후보 선정: 0개
[2025-09-29 09:31:24] DEBUG [Notifier] 텔레그램 메시지 발송 성공: \*🔔 종가/스윙 후보 업데이트\*

\*📈 종가매매 후보\*
1\. 동양 \(001520\) \- 점수: 0\.0
2\. 다날 \(064260\) \- 점수: 0\.0
3\. 한화투자증권 \(003530\) \- 점수: 0\.0
4\. 삼성전자 \(005930\) \- 점수: 0\.0
5\. 우리기술 \(032820\) \- 점수: 0\.0

\*🪝 스윙 후보 \(모니터링\)\*
\- 후보 없음
[2025-09-29 09:31:24] INFO  📡 [WS] 구독: A005930 (현재 1/20)
[2025-09-29 09:31:24] INFO  📡 [WS] 구독: A064260 (현재 2/20)
[2025-09-29 09:31:24] INFO  📡 [WS] 구독: A032820 (현재 3/20)
[2025-09-29 09:31:25] INFO  📡 [WS] 구독: A001520 (현재 4/20)
[2025-09-29 09:31:25] INFO  📡 [WS] 구독: A003530 (현재 5/20)
[2025-09-29 09:32:00] DEBUG [DataLogger] 1분봉 완성: A003530 @ 09:31 | C:5880.0 V:1340.0
[2025-09-29 09:32:00] DEBUG [DataLogger] 1분봉 완성: A005930 @ 09:31 | C:84900.0 V:17195.0
[2025-09-29 09:32:01] DEBUG [DataLogger] 1분봉 완성: A032820 @ 09:31 | C:4200.0 V:1847.0
[2025-09-29 09:32:02] DEBUG [DataLogger] 1분봉 완성: A064260 @ 09:31 | C:10660.0 V:1963.0
[2025-09-29 09:32:18] DEBUG [DataLogger] 1분봉 완성: A001520 @ 09:31 | C:1077.0 V:1.0
[2025-09-29 09:33:00] DEBUG [DataLogger] 1분봉 완성: A005930 @ 09:32 | C:84900.0 V:9908.0
[2025-09-29 09:33:03] DEBUG [DataLogger] 1분봉 완성: A064260 @ 09:32 | C:10650.0 V:7618.0
[2025-09-29 09:33:10] DEBUG [DataLogger] 1분봉 완성: A003530 @ 09:32 | C:5880.0 V:1921.0
[2025-09-29 09:33:10] DEBUG [DataLogger] 1분봉 완성: A032820 @ 09:32 | C:4195.0 V:1295.0
[2025-09-29 09:33:11] DEBUG [DataLogger] 1분봉 완성: A001520 @ 09:32 | C:1077.0 V:1.0
[2025-09-29 09:34:00] DEBUG [DataLogger] 1분봉 완성: A005930 @ 09:33 | C:84850.0 V:5674.0
[2025-09-29 09:34:02] DEBUG [DataLogger] 1분봉 완성: A064260 @ 09:33 | C:10660.0 V:4756.0
[2025-09-29 09:34:04] DEBUG [DataLogger] 1분봉 완성: A003530 @ 09:33 | C:5890.0 V:1895.0
[2025-09-29 09:34:08] DEBUG [DataLogger] 1분봉 완성: A032820 @ 09:33 | C:4175.0 V:15199.0
[2025-09-29 09:34:43] DEBUG [DataLogger] 1분봉 완성: A001520 @ 09:33 | C:1077.0 V:23.0
[2025-09-29 09:35:00] DEBUG [DataLogger] 1분봉 완성: A005930 @ 09:34 | C:84800.0 V:4451.0
[2025-09-29 09:35:01] DEBUG [DataLogger] 1분봉 완성: A064260 @ 09:34 | C:10640.0 V:9156.0
[2025-09-29 09:35:02] DEBUG [DataLogger] 1분봉 완성: A001520 @ 09:34 | C:1077.0 V:89.0
[2025-09-29 09:35:06] DEBUG [DataLogger] 1분봉 완성: A032820 @ 09:34 | C:4177.0 V:5432.0
[2025-09-29 09:35:15] DEBUG [DataLogger] 1분봉 완성: A003530 @ 09:34 | C:5880.0 V:2895.0
[2025-09-29 09:36:00] DEBUG [DataLogger] 1분봉 완성: A005930 @ 09:35 | C:84800.0 V:17076.0
[2025-09-29 09:36:01] DEBUG [DataLogger] 1분봉 완성: A064260 @ 09:35 | C:10670.0 V:6721.0
[2025-09-29 09:36:02] DEBUG [DataLogger] 1분봉 완성: A032820 @ 09:35 | C:4175.0 V:212.0
[2025-09-29 09:36:08] DEBUG [DataLogger] 1분봉 완성: A003530 @ 09:35 | C:5910.0 V:1676.0
[2025-09-29 09:36:25] INFO  [API] 파일에서 access_token을 불러왔습니다.
[2025-09-29 09:36:25] INFO  [API] 기존 토큰이 유효합니다. (오늘 발급됨)
[2025-09-29 09:36:25] INFO  종가매매 스크리너 시작. 후보: 30개
[2025-09-29 09:36:25] DEBUG [FILTER] 동양(001520) 제외: 거래대금 미달 (0 < 10,000,000,000)
[2025-09-29 09:36:25] DEBUG [FILTER] KODEX 인버스(114800) 제외: 제외 키워드 포함
[2025-09-29 09:36:25] DEBUG [FILTER] 다날(064260) 제외: 거래대금 미달 (0 < 10,000,000,000)
[2025-09-29 09:36:25] DEBUG [FILTER] KODEX 코스닥150선물인버스(251340) 제외: 제외 키워드 포함
[2025-09-29 09:36:25] DEBUG [FILTER] 한화투자증권(003530) 제외: 거래대금 미달 (0 < 10,000,000,000)
[2025-09-29 09:36:25] DEBUG [FILTER] 삼성전자(005930) 제외: 제외 심볼 포함
[2025-09-29 09:36:25] DEBUG [FILTER] 우리기술(032820) 제외: 거래대금 미달 (0 < 10,000,000,000)
[2025-09-29 09:36:25] DEBUG [FILTER] 미래에셋증권(006800) 제외: 거래대금 미달 (0 < 10,000,000,000)
[2025-09-29 09:36:25] DEBUG [FILTER] TIGER 인터넷TOP10(365000) 제외: 제외 키워드 포함
[2025-09-29 09:36:25] DEBUG [FILTER] KODEX 200(069500) 제외: 제외 키워드 포함
[2025-09-29 09:36:25] DEBUG [FILTER] NHN KCP(060250) 제외: 거래대금 미달 (0 < 10,000,000,000)
[2025-09-29 09:36:25] DEBUG [FILTER] 아이티센글로벌(124500) 제외: 거래대금 미달 (0 < 10,000,000,000)
[2025-09-29 09:36:25] DEBUG [FILTER] NAVER(035420) 제외: 거래대금 미달 (0 < 10,000,000,000)
[2025-09-29 09:36:25] DEBUG [FILTER] KODEX 증권(102970) 제외: 제외 키워드 포함
[2025-09-29 09:36:25] DEBUG [FILTER] 헥토파이낸셜(234340) 제외: 거래대금 미달 (0 < 10,000,000,000)
[2025-09-29 09:36:25] DEBUG [FILTER] 두산에너빌리티(034020) 제외: 거래대금 미달 (0 < 10,000,000,000)
[2025-09-29 09:36:25] DEBUG [FILTER] KODEX 코스닥150(229200) 제외: 제외 키워드 포함
[2025-09-29 09:36:25] DEBUG [FILTER] 한국정보인증(053300) 제외: 거래대금 미달 (0 < 10,000,000,000)
[2025-09-29 09:36:25] DEBUG [FILTER] ACE KRX금현물(411060) 제외: 거래대금 미달 (0 < 10,000,000,000)
[2025-09-29 09:36:25] DEBUG [FILTER] LG디스플레이(034220) 제외: 거래대금 미달 (0 < 10,000,000,000)
[2025-09-29 09:36:25] DEBUG [FILTER] 카카오(035720) 제외: 거래대금 미달 (0 < 10,000,000,000)
[2025-09-29 09:36:25] DEBUG [FILTER] 아톤(158430) 제외: 거래대금 미달 (0 < 10,000,000,000)
[2025-09-29 09:36:25] DEBUG [FILTER] TIGER 미국S&P500(360750) 제외: 제외 키워드 포함
[2025-09-29 09:36:25] DEBUG [FILTER] SK증권(001510) 제외: 거래대금 미달 (0 < 10,000,000,000)
[2025-09-29 09:36:25] DEBUG [FILTER] TIGER 반도체TOP10(396500) 제외: 제외 키워드 포함
[2025-09-29 09:36:25] DEBUG [FILTER] 엑셈(205100) 제외: 거래대금 미달 (0 < 10,000,000,000)
[2025-09-29 09:36:25] DEBUG [FILTER] RISE 200위클리커버드콜(475720) 제외: 거래대금 미달 (0 < 10,000,000,000)
[2025-09-29 09:36:25] DEBUG [FILTER] 한솔테크닉스(004710) 제외: 거래대금 미달 (0 < 10,000,000,000)
[2025-09-29 09:36:25] DEBUG [FILTER] KBI동양철관(008970) 제외: 거래대금 미달 (0 < 10,000,000,000)
[2025-09-29 09:36:25] DEBUG [FILTER] KODEX 2차전지산업(305720) 제외: 제외 키워드 포함
[2025-09-29 09:36:25] INFO  [FILTER] 필터링 결과: 총 30개 중 0개 통과. 탈락 사유: 심볼(1개), 키워드(9개), 거래대금(20개), 스프레드(0개)
[2025-09-29 09:36:25] INFO  최종 후보 선정: 0개
[2025-09-29 09:36:26] DEBUG [Notifier] 텔레그램 메시지 발송 성공: \*🔔 종가/스윙 후보 업데이트\*

\*📈 종가매매 후보\*
1\. 동양 \(001520\) \- 점수: 0\.0
2\. 다날 \(064260\) \- 점수: 0\.0
3\. 한화투자증권 \(003530\) \- 점수: 0\.0
4\. 삼성전자 \(005930\) \- 점수: 0\.0
5\. 우리기술 \(032820\) \- 점수: 0\.0

\*🪝 스윙 후보 \(모니터링\)\*
\- 후보 없음
[2025-09-29 09:36:38] DEBUG [DataLogger] 1분봉 완성: A001520 @ 09:35 | C:1077.0 V:368.0
[2025-09-29 09:37:00] DEBUG [DataLogger] 1분봉 완성: A003530 @ 09:36 | C:5900.0 V:2919.0
[2025-09-29 09:37:00] DEBUG [DataLogger] 1분봉 완성: A005930 @ 09:36 | C:84800.0 V:22048.0
[2025-09-29 09:37:01] DEBUG [DataLogger] 1분봉 완성: A064260 @ 09:36 | C:10680.0 V:4840.0
[2025-09-29 09:37:11] DEBUG [DataLogger] 1분봉 완성: A032820 @ 09:36 | C:4175.0 V:605.0
[2025-09-29 09:37:20] DEBUG [DataLogger] 1분봉 완성: A001520 @ 09:36 | C:1077.0 V:1.0
[2025-09-29 09:38:00] DEBUG [DataLogger] 1분봉 완성: A005930 @ 09:37 | C:84800.0 V:21079.0
