[2025-09-09 10:19:57] INFO  [DataLogger] 기존 데이터 83551개 로드 완료.
[2025-09-09 10:19:57] INFO  [DataLogger] 3600초마다 자동 저장 기능 활성화.
[2025-09-09 10:19:57] INFO  [MAIN] 데이터 로거 활성화 및 종료 시 자동 저장 등록
KIS 스캘핑 통합 시스템 v6.0
==================================================
[2025-09-09 10:19:57] INFO  [Notifier] 텔레그램 알림 기능 활성화.
[2025-09-09 10:19:57] INFO  [EventLogger] 기존 이벤트 데이터 65분 로드 완료.
[2025-09-09 10:19:57] INFO  [EventLogger] 600초마다 자동 저장 기능 활성화.

============================================================
KIS 스캘핑 시스템 설정 정보
============================================================
KIS API 연결:
  * APP_KEY: PSlq5eDJFLU5oiW...
  * 계좌번호: 6446415801
  * 환경: 실거래 (REAL)
텔레그램 알림: 활성화
  * CHAT_ID: 6578983743
거래 설정:
  * 예산: 1,000,000원
  * 최대 포지션: 5개
  * 일일 손실 한도: -5.0%
  * 포지션 크기: 2.0%
============================================================

[2025-09-09 10:19:57] INFO  [MAIN] 설정 로드 완료
실거래 모드 활성화됨
거래 예산: 1,000,000원
[2025-09-09 10:19:57] INFO  [MAIN] === KIS 스캘핑 시스템 Phase 1~6 통합 ===
[2025-09-09 10:19:57] INFO  [MAIN] • Phase 1: 실시간 신호 생성
[2025-09-09 10:19:57] INFO  [MAIN] • Phase 2: 종목 선별
[2025-09-09 10:19:57] INFO  [MAIN] • Phase 3: 포지션 관리
[2025-09-09 10:19:57] INFO  [MAIN] • Phase 4: 시간대별 전략
[2025-09-09 10:19:57] INFO  [MAIN] • Phase 5: 백테스팅 & 성과 분석
[2025-09-09 10:19:57] INFO  [MAIN] • Phase 6: 실시간 통합 운영
[2025-09-09 10:19:57] INFO  [API] 파일에서 access_token을 불러왔습니다.
[2025-09-09 10:19:57] INFO  [API] 기존 토큰이 유효합니다. (오늘 발급됨)
[2025-09-09 10:19:58] INFO  [API] 파일에서 access_token을 불러왔습니다.
[2025-09-09 10:19:58] INFO  [API] 기존 토큰이 유효합니다. (오늘 발급됨)
[2025-09-09 10:19:58] INFO  [API] 파일에서 access_token을 불러왔습니다.
[2025-09-09 10:19:58] INFO  [API] 기존 토큰이 유효합니다. (오늘 발급됨)
[2025-09-09 10:19:58] INFO  ✅ 최종 거래일 확인: 20250908
[2025-09-09 10:19:58] INFO  오늘 날짜: 20250908
[2025-09-09 10:20:03] INFO  저장 완료: logs/sector_filtered_2025-09-09.json (40개 종목)
[2025-09-09 10:20:03] INFO  [API] 기존 웹소켓 접속키가 유효합니다. (오늘 발급됨)
[2025-09-09 10:20:03] INFO  [WS] 연결 시도: url=ws://ops.koreainvestment.com:21000/ws
[2025-09-09 10:20:03] INFO  [WS] approval_key=fa71ca20-c89f-45...
[2025-09-09 10:20:03] INFO  [WS] tr_id=H0STCNT0
[2025-09-09 10:20:03] INFO  [WS] WebSocket 연결 대기... (최대 15초)
[2025-09-09 10:20:03] INFO  WebSocket 연결 성공
[2025-09-09 10:20:03] INFO  📡 [WS] 구독: A102710 (현재 1/40)
[2025-09-09 10:20:03] INFO  📡 [WS] 구독: A056080 (현재 2/40)
[2025-09-09 10:20:03] INFO  📡 [WS] 구독: A032350 (현재 3/40)
[2025-09-09 10:20:03] INFO  [API] 파일에서 access_token을 불러왔습니다.
[2025-09-09 10:20:03] INFO  📡 [WS] 구독: A002350 (현재 4/40)
[2025-09-09 10:20:03] INFO  [API] 기존 토큰이 유효합니다. (오늘 발급됨)
[2025-09-09 10:20:03] INFO  📡 [WS] 구독: A001390 (현재 5/40)
[2025-09-09 10:20:03] INFO  📡 [WS] 구독: A476060 (현재 6/40)
[2025-09-09 10:20:03] INFO  📡 [WS] 구독: A001510 (현재 7/40)
[2025-09-09 10:20:03] INFO  📡 [WS] 구독: A030610 (현재 8/40)
[2025-09-09 10:20:03] INFO  📡 [WS] 구독: A024720 (현재 9/40)
[2025-09-09 10:20:03] INFO  📡 [WS] 구독: A036200 (현재 10/40)
[2025-09-09 10:20:03] INFO  📡 [WS] 구독: A00680K (현재 11/40)
[2025-09-09 10:20:03] INFO  📡 [WS] 구독: A218410 (현재 12/40)
[2025-09-09 10:20:03] INFO  📡 [WS] 구독: A003530 (현재 13/40)
[2025-09-09 10:20:03] INFO  📡 [WS] 구독: A079940 (현재 14/40)
[2025-09-09 10:20:03] INFO  📡 [WS] 구독: A214450 (현재 15/40)
[2025-09-09 10:20:03] INFO  📡 [WS] 구독: A232140 (현재 16/40)
[2025-09-09 10:20:03] INFO  📡 [WS] 구독: A332570 (현재 17/40)
[2025-09-09 10:20:03] INFO  📡 [WS] 구독: A061970 (현재 18/40)
[2025-09-09 10:20:03] INFO  📡 [WS] 구독: A102940 (현재 19/40)
[2025-09-09 10:20:03] INFO  📡 [WS] 구독: A048870 (현재 20/40)
[2025-09-09 10:20:03] INFO  📡 [WS] 구독: A950140 (현재 21/40)
[2025-09-09 10:20:03] INFO  📡 [WS] 구독: A036540 (현재 22/40)
[2025-09-09 10:20:03] INFO  📡 [WS] 구독: A001200 (현재 23/40)
[2025-09-09 10:20:03] INFO  📡 [WS] 구독: A086390 (현재 24/40)
[2025-09-09 10:20:03] INFO  📡 [WS] 구독: A083650 (현재 25/40)
[2025-09-09 10:20:03] INFO  📡 [WS] 구독: A005880 (현재 26/40)
[2025-09-09 10:20:03] INFO  📡 [WS] 구독: A204270 (현재 27/40)
[2025-09-09 10:20:03] INFO  📡 [WS] 구독: A064260 (현재 28/40)
[2025-09-09 10:20:03] INFO  📡 [WS] 구독: A003570 (현재 29/40)
[2025-09-09 10:20:03] INFO  📡 [WS] 구독: A211050 (현재 30/40)
[2025-09-09 10:20:03] INFO  📡 [WS] 구독: A290650 (현재 31/40)
[2025-09-09 10:20:03] INFO  📡 [WS] 구독: A377740 (현재 32/40)
[2025-09-09 10:20:03] INFO  📡 [WS] 구독: A006390 (현재 33/40)
[2025-09-09 10:20:03] INFO  📡 [WS] 구독: A137310 (현재 34/40)
[2025-09-09 10:20:03] INFO  📡 [WS] 구독: A092040 (현재 35/40)
[2025-09-09 10:20:03] INFO  📡 [WS] 구독: A003470 (현재 36/40)
[2025-09-09 10:20:03] INFO  📡 [WS] 구독: A304360 (현재 37/40)
[2025-09-09 10:20:03] INFO  📡 [WS] 구독: A352480 (현재 38/40)
[2025-09-09 10:20:03] INFO  📡 [WS] 구독: A032500 (현재 39/40)
[2025-09-09 10:20:03] INFO  📡 [WS] 구독: A073010 (현재 40/40)
[2025-09-09 10:20:03] INFO  [SCREENER] 종목 스크리닝 시작: 23개 후보 (ETF 제외 후)
[2025-09-09 10:20:03] INFO  [SCREENER] 선별 완료: 0개 (평균점수: 0.0점)
[2025-09-09 10:20:03] INFO  📡 [WS] 구독 해지: A102710
[2025-09-09 10:20:03] INFO  📡 [WS] 구독 해지: A056080
[2025-09-09 10:20:04] INFO  📡 [WS] 구독 해지: A032350
[2025-09-09 10:20:04] INFO  📡 [WS] 구독 해지: A002350
[2025-09-09 10:20:04] INFO  📡 [WS] 구독 해지: A001390
[2025-09-09 10:20:04] INFO  📡 [WS] 구독 해지: A476060
[2025-09-09 10:20:05] INFO  📡 [WS] 구독 해지: A001510
[2025-09-09 10:20:05] INFO  📡 [WS] 구독 해지: A030610
[2025-09-09 10:20:05] INFO  [A003530] 부트 모드 활성화.
[2025-09-09 10:20:05] INFO  [A290650] 부트 모드 활성화.
[2025-09-09 10:20:05] INFO  [A073010] 부트 모드 활성화.
[2025-09-09 10:20:05] INFO  📡 [WS] 구독 해지: A024720
[2025-09-09 10:20:05] INFO  📡 [WS] 구독 해지: A036200
[2025-09-09 10:20:06] INFO  📡 [WS] 구독 해지: A00680K
[2025-09-09 10:20:06] INFO  📡 [WS] 구독 해지: A218410
[2025-09-09 10:20:06] INFO  📡 [WS] 구독 해지: A003530
[2025-09-09 10:20:06] INFO  📡 [WS] 구독 해지: A079940
[2025-09-09 10:20:07] INFO  📡 [WS] 구독 해지: A214450
[2025-09-09 10:20:07] INFO  📡 [WS] 구독 해지: A232140
[2025-09-09 10:20:07] INFO  📡 [WS] 구독 해지: A332570
[2025-09-09 10:20:07] INFO  📡 [WS] 구독 해지: A061970
[2025-09-09 10:20:08] INFO  📡 [WS] 구독 해지: A102940
[2025-09-09 10:20:08] INFO  📡 [WS] 구독 해지: A048870
[2025-09-09 10:20:08] INFO  📡 [WS] 구독 해지: A950140
[2025-09-09 10:20:08] INFO  📡 [WS] 구독 해지: A036540
[2025-09-09 10:20:09] INFO  📡 [WS] 구독 해지: A001200
[2025-09-09 10:20:09] INFO  📡 [WS] 구독 해지: A086390
[2025-09-09 10:20:09] INFO  [A352480] 부트 모드 활성화.
[2025-09-09 10:20:09] INFO  📡 [WS] 구독 해지: A083650
[2025-09-09 10:20:09] INFO  📡 [WS] 구독 해지: A005880
[2025-09-09 10:20:10] INFO  📡 [WS] 구독 해지: A204270
[2025-09-09 10:20:10] INFO  📡 [WS] 구독 해지: A064260
[2025-09-09 10:20:10] INFO  📡 [WS] 구독 해지: A003570
[2025-09-09 10:20:10] INFO  📡 [WS] 구독 해지: A211050
[2025-09-09 10:20:11] INFO  📡 [WS] 구독 해지: A290650
[2025-09-09 10:20:11] INFO  📡 [WS] 구독 해지: A377740
[2025-09-09 10:20:11] INFO  📡 [WS] 구독 해지: A006390
[2025-09-09 10:20:11] INFO  📡 [WS] 구독 해지: A137310
[2025-09-09 10:20:12] INFO  📡 [WS] 구독 해지: A092040
[2025-09-09 10:20:12] INFO  📡 [WS] 구독 해지: A003470
[2025-09-09 10:20:12] INFO  📡 [WS] 구독 해지: A304360
[2025-09-09 10:20:12] INFO  📡 [WS] 구독 해지: A352480
[2025-09-09 10:20:13] INFO  📡 [WS] 구독 해지: A032500
[2025-09-09 10:20:13] INFO  📡 [WS] 구독 해지: A073010
[2025-09-09 10:20:23] INFO  [WS] PINGPONG 수신
[2025-09-09 10:20:38] INFO  [WS] PINGPONG 수신
[2025-09-09 10:20:43] INFO  WebSocket 연결 종료 code=None msg=None
[2025-09-09 10:20:43] INFO  🛑 WebSocket 중지 요청 완료
[2025-09-09 10:20:43] INFO  [DataLogger] 종료 시 최종 저장 실행...
[2025-09-09 10:20:44] INFO  [DataLogger] 데이터 83558개 성공적으로 저장: data/historical_ohlcv_1min.json
[2025-09-09 10:20:44] INFO  [EventLogger] 종료 시 최종 저장 실행...
[2025-09-09 10:20:44] INFO  [EventLogger] 이벤트 데이터 66분 분량 성공적으로 저장: data/market_events_2025-09-09.json

============================================================
KIS 스캘핑 시스템 종료 - 거래 요약
============================================================
2025-09-09 거래 내역이 없습니다.
============================================================
종료 시간: 2025-09-09 10:20:44
거래 종료!
============================================================

[2025-09-09 10:20:45] INFO  [MAIN] 시스템 정상 종료
[2025-09-09 10:20:45] INFO  [MAIN] 프로그램 종료
[2025-09-09 10:20:45] INFO  [DataLogger] 데이터 83558개 성공적으로 저장: data/historical_ohlcv_1min.json
